This file contains any messages produced by compilers while
running configure, to aid debugging if configure makes a mistake.

It was created by ntp configure 4.2.8p13, which was
generated by GNU Autoconf 2.69.  Invocation command line was

  $ ./configure CC=afl-gcc

## --------- ##
## Platform. ##
## --------- ##

hostname = price-VirtualBox
uname -m = x86_64
uname -r = 5.0.0-32-generic
uname -s = Linux
uname -v = #34~18.04.2-Ubuntu SMP Thu Oct 10 10:36:02 UTC 2019

/usr/bin/uname -p = unknown
/bin/uname -X     = unknown

/bin/arch              = unknown
/usr/bin/arch -k       = unknown
/usr/convex/getsysinfo = unknown
/usr/bin/hostinfo      = unknown
/bin/machine           = unknown
/usr/bin/oslevel       = unknown
/bin/universe          = unknown

PATH: /usr/local/sbin
PATH: /usr/local/bin
PATH: /usr/sbin
PATH: /usr/bin
PATH: /sbin
PATH: /bin
PATH: /usr/games
PATH: /usr/local/games
PATH: /snap/bin


## ----------- ##
## Core tests. ##
## ----------- ##

configure:3173: checking for a BSD-compatible install
configure:3241: result: /usr/bin/install -c
configure:3252: checking whether build environment is sane
configure:3307: result: yes
configure:3458: checking for a thread-safe mkdir -p
configure:3497: result: /bin/mkdir -p
configure:3504: checking for gawk
configure:3534: result: no
configure:3504: checking for mawk
configure:3520: found /usr/bin/mawk
configure:3531: result: mawk
configure:3542: checking whether make sets $(MAKE)
configure:3564: result: yes
configure:3593: checking whether make supports nested variables
configure:3610: result: yes
configure:3748: checking whether make supports nested variables
configure:3765: result: yes
configure:3781: checking build system type
configure:3795: result: x86_64-unknown-linux-gnu
configure:3815: checking host system type
configure:3828: result: x86_64-unknown-linux-gnu
configure:3874: checking for style of include used by make
configure:3902: result: GNU
configure:4050: checking for C compiler version
configure:4059: afl-gcc --version >&5
gcc (Ubuntu 7.4.0-1ubuntu1~18.04.1) 7.4.0
Copyright (C) 2017 Free Software Foundation, Inc.
This is free software; see the source for copying conditions.  There is NO
warranty; not even for MERCHANTABILITY or FITNESS FOR A PARTICULAR PURPOSE.

configure:4070: $? = 0
configure:4059: afl-gcc -v >&5
Using built-in specs.
COLLECT_GCC=gcc
COLLECT_LTO_WRAPPER=/usr/lib/gcc/x86_64-linux-gnu/7/lto-wrapper
OFFLOAD_TARGET_NAMES=nvptx-none
OFFLOAD_TARGET_DEFAULT=1
Target: x86_64-linux-gnu
Configured with: ../src/configure -v --with-pkgversion='Ubuntu 7.4.0-1ubuntu1~18.04.1' --with-bugurl=file:///usr/share/doc/gcc-7/README.Bugs --enable-languages=c,ada,c++,go,brig,d,fortran,objc,obj-c++ --prefix=/usr --with-gcc-major-version-only --program-suffix=-7 --program-prefix=x86_64-linux-gnu- --enable-shared --enable-linker-build-id --libexecdir=/usr/lib --without-included-gettext --enable-threads=posix --libdir=/usr/lib --enable-nls --with-sysroot=/ --enable-clocale=gnu --enable-libstdcxx-debug --enable-libstdcxx-time=yes --with-default-libstdcxx-abi=new --enable-gnu-unique-object --disable-vtable-verify --enable-libmpx --enable-plugin --enable-default-pie --with-system-zlib --with-target-system-zlib --enable-objc-gc=auto --enable-multiarch --disable-werror --with-arch-32=i686 --with-abi=m64 --with-multilib-list=m32,m64,mx32 --enable-multilib --with-tune=generic --enable-offload-targets=nvptx-none --without-cuda-driver --enable-checking=release --build=x86_64-linux-gnu --host=x86_64-linux-gnu --target=x86_64-linux-gnu
Thread model: posix
gcc version 7.4.0 (Ubuntu 7.4.0-1ubuntu1~18.04.1) 
configure:4070: $? = 0
configure:4059: afl-gcc -V >&5
gcc: error: unrecognized command line option '-V'
gcc: fatal error: no input files
compilation terminated.
configure:4070: $? = 1
configure:4059: afl-gcc -qversion >&5
gcc: error: unrecognized command line option '-qversion'; did you mean '--version'?
gcc: fatal error: no input files
compilation terminated.
configure:4070: $? = 1
configure:4090: checking whether the C compiler works
configure:4112: afl-gcc    conftest.c  >&5
configure:4116: $? = 0
configure:4164: result: yes
configure:4167: checking for C compiler default output file name
configure:4169: result: a.out
configure:4175: checking for suffix of executables
configure:4182: afl-gcc -o conftest    conftest.c  >&5
configure:4186: $? = 0
configure:4208: result: 
configure:4230: checking whether we are cross compiling
configure:4238: afl-gcc -o conftest    conftest.c  >&5
configure:4242: $? = 0
configure:4249: ./conftest
configure:4253: $? = 0
configure:4268: result: no
configure:4273: checking for suffix of object files
configure:4295: afl-gcc -c   conftest.c >&5
configure:4299: $? = 0
configure:4320: result: o
configure:4324: checking whether we are using the GNU C compiler
configure:4343: afl-gcc -c   conftest.c >&5
configure:4343: $? = 0
configure:4352: result: yes
configure:4361: checking whether afl-gcc accepts -g
configure:4381: afl-gcc -c -g  conftest.c >&5
configure:4381: $? = 0
configure:4422: result: yes
configure:4439: checking for afl-gcc option to accept ISO C89
configure:4502: afl-gcc  -c -g -O2  conftest.c >&5
configure:4502: $? = 0
configure:4515: result: none needed
configure:4540: checking whether afl-gcc understands -c and -o together
configure:4562: afl-gcc -c conftest.c -o conftest2.o
configure:4565: $? = 0
configure:4562: afl-gcc -c conftest.c -o conftest2.o
configure:4565: $? = 0
configure:4577: result: yes
configure:4596: checking dependency style of afl-gcc
configure:4707: result: gcc3
configure:4730: checking how to run the C preprocessor
configure:4761: afl-gcc -E  conftest.c
configure:4761: $? = 0
configure:4775: afl-gcc -E  conftest.c
conftest.c:12:10: fatal error: ac_nonexistent.h: No such file or directory
 #include <ac_nonexistent.h>
          ^~~~~~~~~~~~~~~~~~
compilation terminated.
configure:4775: $? = 1
configure: failed program was:
| /* confdefs.h */
| #define PACKAGE_NAME "ntp"
| #define PACKAGE_TARNAME "ntp"
| #define PACKAGE_VERSION "4.2.8p13"
| #define PACKAGE_STRING "ntp 4.2.8p13"
| #define PACKAGE_BUGREPORT "http://bugs.ntp.org./"
| #define PACKAGE_URL "http://www.ntp.org./"
| #define PACKAGE "ntp"
| #define VERSION "4.2.8p13"
| #define STR_SYSTEM "x86_64-unknown-linux-gnu"
| /* end confdefs.h.  */
| #include <ac_nonexistent.h>
configure:4800: result: afl-gcc -E
configure:4820: afl-gcc -E  conftest.c
configure:4820: $? = 0
configure:4834: afl-gcc -E  conftest.c
conftest.c:12:10: fatal error: ac_nonexistent.h: No such file or directory
 #include <ac_nonexistent.h>
          ^~~~~~~~~~~~~~~~~~
compilation terminated.
configure:4834: $? = 1
configure: failed program was:
| /* confdefs.h */
| #define PACKAGE_NAME "ntp"
| #define PACKAGE_TARNAME "ntp"
| #define PACKAGE_VERSION "4.2.8p13"
| #define PACKAGE_STRING "ntp 4.2.8p13"
| #define PACKAGE_BUGREPORT "http://bugs.ntp.org./"
| #define PACKAGE_URL "http://www.ntp.org./"
| #define PACKAGE "ntp"
| #define VERSION "4.2.8p13"
| #define STR_SYSTEM "x86_64-unknown-linux-gnu"
| /* end confdefs.h.  */
| #include <ac_nonexistent.h>
configure:4863: checking for grep that handles long lines and -e
configure:4921: result: /bin/grep
configure:4926: checking for egrep
configure:4988: result: /bin/grep -E
configure:4993: checking for ANSI C header files
configure:5013: afl-gcc -c -g -O2  conftest.c >&5
configure:5013: $? = 0
configure:5086: afl-gcc -o conftest -g -O2   conftest.c  >&5
configure:5086: $? = 0
configure:5086: ./conftest
configure:5086: $? = 0
configure:5097: result: yes
configure:5110: checking for sys/types.h
configure:5110: afl-gcc -c -g -O2  conftest.c >&5
configure:5110: $? = 0
configure:5110: result: yes
configure:5110: checking for sys/stat.h
configure:5110: afl-gcc -c -g -O2  conftest.c >&5
configure:5110: $? = 0
configure:5110: result: yes
configure:5110: checking for stdlib.h
configure:5110: afl-gcc -c -g -O2  conftest.c >&5
configure:5110: $? = 0
configure:5110: result: yes
configure:5110: checking for string.h
configure:5110: afl-gcc -c -g -O2  conftest.c >&5
configure:5110: $? = 0
configure:5110: result: yes
configure:5110: checking for memory.h
configure:5110: afl-gcc -c -g -O2  conftest.c >&5
configure:5110: $? = 0
configure:5110: result: yes
configure:5110: checking for strings.h
configure:5110: afl-gcc -c -g -O2  conftest.c >&5
configure:5110: $? = 0
configure:5110: result: yes
configure:5110: checking for inttypes.h
configure:5110: afl-gcc -c -g -O2  conftest.c >&5
configure:5110: $? = 0
configure:5110: result: yes
configure:5110: checking for stdint.h
configure:5110: afl-gcc -c -g -O2  conftest.c >&5
configure:5110: $? = 0
configure:5110: result: yes
configure:5110: checking for unistd.h
configure:5110: afl-gcc -c -g -O2  conftest.c >&5
configure:5110: $? = 0
configure:5110: result: yes
configure:5123: checking minix/config.h usability
configure:5123: afl-gcc -c -g -O2  conftest.c >&5
conftest.c:55:10: fatal error: minix/config.h: No such file or directory
 #include <minix/config.h>
          ^~~~~~~~~~~~~~~~
compilation terminated.
configure:5123: $? = 1
configure: failed program was:
| /* confdefs.h */
| #define PACKAGE_NAME "ntp"
| #define PACKAGE_TARNAME "ntp"
| #define PACKAGE_VERSION "4.2.8p13"
| #define PACKAGE_STRING "ntp 4.2.8p13"
| #define PACKAGE_BUGREPORT "http://bugs.ntp.org./"
| #define PACKAGE_URL "http://www.ntp.org./"
| #define PACKAGE "ntp"
| #define VERSION "4.2.8p13"
| #define STR_SYSTEM "x86_64-unknown-linux-gnu"
| #define STDC_HEADERS 1
| #define HAVE_SYS_TYPES_H 1
| #define HAVE_SYS_STAT_H 1
| #define HAVE_STDLIB_H 1
| #define HAVE_STRING_H 1
| #define HAVE_MEMORY_H 1
| #define HAVE_STRINGS_H 1
| #define HAVE_INTTYPES_H 1
| #define HAVE_STDINT_H 1
| #define HAVE_UNISTD_H 1
| /* end confdefs.h.  */
| #include <stdio.h>
| #ifdef HAVE_SYS_TYPES_H
| # include <sys/types.h>
| #endif
| #ifdef HAVE_SYS_STAT_H
| # include <sys/stat.h>
| #endif
| #ifdef STDC_HEADERS
| # include <stdlib.h>
| # include <stddef.h>
| #else
| # ifdef HAVE_STDLIB_H
| #  include <stdlib.h>
| # endif
| #endif
| #ifdef HAVE_STRING_H
| # if !defined STDC_HEADERS && defined HAVE_MEMORY_H
| #  include <memory.h>
| # endif
| # include <string.h>
| #endif
| #ifdef HAVE_STRINGS_H
| # include <strings.h>
| #endif
| #ifdef HAVE_INTTYPES_H
| # include <inttypes.h>
| #endif
| #ifdef HAVE_STDINT_H
| # include <stdint.h>
| #endif
| #ifdef HAVE_UNISTD_H
| # include <unistd.h>
| #endif
| #include <minix/config.h>
configure:5123: result: no
configure:5123: checking minix/config.h presence
configure:5123: afl-gcc -E  conftest.c
conftest.c:22:10: fatal error: minix/config.h: No such file or directory
 #include <minix/config.h>
          ^~~~~~~~~~~~~~~~
compilation terminated.
configure:5123: $? = 1
configure: failed program was:
| /* confdefs.h */
| #define PACKAGE_NAME "ntp"
| #define PACKAGE_TARNAME "ntp"
| #define PACKAGE_VERSION "4.2.8p13"
| #define PACKAGE_STRING "ntp 4.2.8p13"
| #define PACKAGE_BUGREPORT "http://bugs.ntp.org./"
| #define PACKAGE_URL "http://www.ntp.org./"
| #define PACKAGE "ntp"
| #define VERSION "4.2.8p13"
| #define STR_SYSTEM "x86_64-unknown-linux-gnu"
| #define STDC_HEADERS 1
| #define HAVE_SYS_TYPES_H 1
| #define HAVE_SYS_STAT_H 1
| #define HAVE_STDLIB_H 1
| #define HAVE_STRING_H 1
| #define HAVE_MEMORY_H 1
| #define HAVE_STRINGS_H 1
| #define HAVE_INTTYPES_H 1
| #define HAVE_STDINT_H 1
| #define HAVE_UNISTD_H 1
| /* end confdefs.h.  */
| #include <minix/config.h>
configure:5123: result: no
configure:5123: checking for minix/config.h
configure:5123: result: no
configure:5144: checking whether it is safe to define __EXTENSIONS__
configure:5162: afl-gcc -c -g -O2  conftest.c >&5
configure:5162: $? = 0
configure:5169: result: yes
configure:5188: checking for afl-gcc option to accept ISO C99
configure:5337: afl-gcc  -c -g -O2  conftest.c >&5
configure:5337: $? = 0
configure:5350: result: none needed
configure:5458: checking for afl-gcc option to accept ISO Standard C
configure:5469: result: none needed
configure:5484: checking whether afl-gcc needs -traditional
configure:5518: result: no
configure:5545: checking if afl-gcc can handle #warning
configure:5561: afl-gcc -c -g -O2  conftest.c >&5
conftest.c: In function 'main':
conftest.c:31:2: warning: #warning foo [-Wcpp]
 #warning foo
  ^~~~~~~
configure:5561: $? = 0
configure:5570: result: yes
configure:5579: checking if afl-gcc supports __attribute__((...))
configure:5596: afl-gcc -c -g -O2  conftest.c >&5
configure:5596: $? = 0
configure:5605: result: yes
configure:5619: checking if afl-gcc can handle -Wstrict-overflow
configure:5635: afl-gcc -c -g -O2 -Wstrict-overflow  conftest.c >&5
configure:5635: $? = 0
configure:5644: result: yes
configure:5651: checking if afl-gcc can handle -Winit-self
configure:5668: afl-gcc -c -g -O2 -Winit-self  conftest.c >&5
configure:5668: $? = 0
configure:5678: result: yes
configure:5686: checking if linker supports omitting unused code and data
configure:5730: afl-gcc -o conftest -g -O2 -Wl,--gc-sections   conftest.c  >&5
configure:5730: $? = 0
configure:5750: result: yes
configure:5785: checking additional compiler flags
configure:5883: result: none needed
configure:5887: checking additional linker flags
configure:5915: result: none needed
configure:5920: checking whether byte ordering is bigendian
configure:5935: afl-gcc -c -g -O2  conftest.c >&5
conftest.c:29:9: error: unknown type name 'not'
         not a universal capable compiler
         ^~~
conftest.c:29:15: error: expected '=', ',', ';', 'asm' or '__attribute__' before 'universal'
         not a universal capable compiler
               ^~~~~~~~~
conftest.c:29:15: error: unknown type name 'universal'
configure:5935: $? = 1
configure: failed program was:
| /* confdefs.h */
| #define PACKAGE_NAME "ntp"
| #define PACKAGE_TARNAME "ntp"
| #define PACKAGE_VERSION "4.2.8p13"
| #define PACKAGE_STRING "ntp 4.2.8p13"
| #define PACKAGE_BUGREPORT "http://bugs.ntp.org./"
| #define PACKAGE_URL "http://www.ntp.org./"
| #define PACKAGE "ntp"
| #define VERSION "4.2.8p13"
| #define STR_SYSTEM "x86_64-unknown-linux-gnu"
| #define STDC_HEADERS 1
| #define HAVE_SYS_TYPES_H 1
| #define HAVE_SYS_STAT_H 1
| #define HAVE_STDLIB_H 1
| #define HAVE_STRING_H 1
| #define HAVE_MEMORY_H 1
| #define HAVE_STRINGS_H 1
| #define HAVE_INTTYPES_H 1
| #define HAVE_STDINT_H 1
| #define HAVE_UNISTD_H 1
| #define __EXTENSIONS__ 1
| #define _ALL_SOURCE 1
| #define _GNU_SOURCE 1
| #define _POSIX_PTHREAD_SEMANTICS 1
| #define _TANDEM_SOURCE 1
| #define HAVE___ATTRIBUTE__ /**/
| /* end confdefs.h.  */
| #ifndef __APPLE_CC__
| 	       not a universal capable compiler
| 	     #endif
| 	     typedef int dummy;
| 
configure:5980: afl-gcc -c -g -O2  conftest.c >&5
configure:5980: $? = 0
configure:5998: afl-gcc -c -g -O2  conftest.c >&5
conftest.c: In function 'main':
conftest.c:35:4: error: unknown type name 'not'; did you mean 'ino_t'?
    not big endian
    ^~~
    ino_t
conftest.c:35:12: error: expected '=', ',', ';', 'asm' or '__attribute__' before 'endian'
    not big endian
            ^~~~~~
configure:5998: $? = 1
configure: failed program was:
| /* confdefs.h */
| #define PACKAGE_NAME "ntp"
| #define PACKAGE_TARNAME "ntp"
| #define PACKAGE_VERSION "4.2.8p13"
| #define PACKAGE_STRING "ntp 4.2.8p13"
| #define PACKAGE_BUGREPORT "http://bugs.ntp.org./"
| #define PACKAGE_URL "http://www.ntp.org./"
| #define PACKAGE "ntp"
| #define VERSION "4.2.8p13"
| #define STR_SYSTEM "x86_64-unknown-linux-gnu"
| #define STDC_HEADERS 1
| #define HAVE_SYS_TYPES_H 1
| #define HAVE_SYS_STAT_H 1
| #define HAVE_STDLIB_H 1
| #define HAVE_STRING_H 1
| #define HAVE_MEMORY_H 1
| #define HAVE_STRINGS_H 1
| #define HAVE_INTTYPES_H 1
| #define HAVE_STDINT_H 1
| #define HAVE_UNISTD_H 1
| #define __EXTENSIONS__ 1
| #define _ALL_SOURCE 1
| #define _GNU_SOURCE 1
| #define _POSIX_PTHREAD_SEMANTICS 1
| #define _TANDEM_SOURCE 1
| #define HAVE___ATTRIBUTE__ /**/
| /* end confdefs.h.  */
| #include <sys/types.h>
| 		#include <sys/param.h>
| 
| int
| main ()
| {
| #if BYTE_ORDER != BIG_ENDIAN
| 		 not big endian
| 		#endif
| 
|   ;
|   return 0;
| }
configure:6126: result: no
configure:6144: checking for working volatile
configure:6163: afl-gcc -c -g -O2  conftest.c >&5
configure:6163: $? = 0
configure:6170: result: yes
configure:6183: checking how to run the C preprocessor
configure:6253: result: afl-gcc -E
configure:6273: afl-gcc -E  conftest.c
configure:6273: $? = 0
configure:6287: afl-gcc -E  conftest.c
conftest.c:28:10: fatal error: ac_nonexistent.h: No such file or directory
 #include <ac_nonexistent.h>
          ^~~~~~~~~~~~~~~~~~
compilation terminated.
configure:6287: $? = 1
configure: failed program was:
| /* confdefs.h */
| #define PACKAGE_NAME "ntp"
| #define PACKAGE_TARNAME "ntp"
| #define PACKAGE_VERSION "4.2.8p13"
| #define PACKAGE_STRING "ntp 4.2.8p13"
| #define PACKAGE_BUGREPORT "http://bugs.ntp.org./"
| #define PACKAGE_URL "http://www.ntp.org./"
| #define PACKAGE "ntp"
| #define VERSION "4.2.8p13"
| #define STR_SYSTEM "x86_64-unknown-linux-gnu"
| #define STDC_HEADERS 1
| #define HAVE_SYS_TYPES_H 1
| #define HAVE_SYS_STAT_H 1
| #define HAVE_STDLIB_H 1
| #define HAVE_STRING_H 1
| #define HAVE_MEMORY_H 1
| #define HAVE_STRINGS_H 1
| #define HAVE_INTTYPES_H 1
| #define HAVE_STDINT_H 1
| #define HAVE_UNISTD_H 1
| #define __EXTENSIONS__ 1
| #define _ALL_SOURCE 1
| #define _GNU_SOURCE 1
| #define _POSIX_PTHREAD_SEMANTICS 1
| #define _TANDEM_SOURCE 1
| #define HAVE___ATTRIBUTE__ /**/
| /* end confdefs.h.  */
| #include <ac_nonexistent.h>
configure:6322: checking for bison
configure:6338: found /usr/bin/bison
configure:6349: result: bison -y
configure:6361: checking for afl-gcc option to accept ISO C99
configure:6523: result: none needed
configure:6539: checking whether the compiler supports C99 structure initialization
configure:6557: afl-gcc -c -g -O2  conftest.c >&5
configure:6557: $? = 0
configure:6558: result: yes
configure:6579: checking for compile/link hardening flags
configure:6608: result: in file harden/linux
configure:6626: checking to see if we need ylwrap VPATH hack
configure:6641: result: no
configure:6654: checking for install dir and man conventions
configure:6683: result: in file loc/legacy
configure:6851: checking for ar
configure:6867: found /usr/bin/ar
configure:6878: result: ar
configure:6904: checking the archiver (ar) interface
configure:6920: afl-gcc -c -g -O2  conftest.c >&5
configure:6920: $? = 0
configure:6922: ar cru libconftest.a conftest.o >&5
ar: `u' modifier ignored since `D' is the default (see `U')
configure:6925: $? = 0
configure:6953: result: ar
configure:7054: checking how to print strings
configure:7081: result: printf
configure:7102: checking for a sed that does not truncate output
configure:7166: result: /bin/sed
configure:7184: checking for fgrep
configure:7246: result: /bin/grep -F
configure:7281: checking for ld used by afl-gcc
configure:7348: result: /usr/bin/ld
configure:7355: checking if the linker (/usr/bin/ld) is GNU ld
configure:7370: result: yes
configure:7382: checking for BSD- or MS-compatible name lister (nm)
configure:7436: result: /usr/bin/nm -B
configure:7566: checking the name lister (/usr/bin/nm -B) interface
configure:7573: afl-gcc -c -g -O2  conftest.c >&5
configure:7576: /usr/bin/nm -B "conftest.o"
configure:7579: output
0000000000000000 B some_variable
configure:7586: result: BSD nm
configure:7589: checking whether ln -s works
configure:7593: result: yes
configure:7601: checking the maximum length of command line arguments
configure:7732: result: 1572864
configure:7780: checking how to convert x86_64-unknown-linux-gnu file names to x86_64-unknown-linux-gnu format
configure:7820: result: func_convert_file_noop
configure:7827: checking how to convert x86_64-unknown-linux-gnu file names to toolchain format
configure:7847: result: func_convert_file_noop
configure:7854: checking for /usr/bin/ld option to reload object files
configure:7861: result: -r
configure:7935: checking for objdump
configure:7951: found /usr/bin/objdump
configure:7962: result: objdump
configure:7994: checking how to recognize dependent libraries
configure:8194: result: pass_all
configure:8279: checking for dlltool
configure:8309: result: no
configure:8339: checking how to associate runtime and link libraries
configure:8366: result: printf %s\n
configure:8490: checking for archiver @FILE support
configure:8507: afl-gcc -c -g -O2  conftest.c >&5
configure:8507: $? = 0
configure:8510: ar cru libconftest.a @conftest.lst >&5
ar: `u' modifier ignored since `D' is the default (see `U')
configure:8513: $? = 0
configure:8518: ar cru libconftest.a @conftest.lst >&5
ar: `u' modifier ignored since `D' is the default (see `U')
ar: conftest.o: No such file or directory
configure:8521: $? = 1
configure:8533: result: @
configure:8591: checking for strip
configure:8607: found /usr/bin/strip
configure:8618: result: strip
configure:8690: checking for ranlib
configure:8706: found /usr/bin/ranlib
configure:8717: result: ranlib
configure:8819: checking command to parse /usr/bin/nm -B output from afl-gcc object
configure:8972: afl-gcc -c -g -O2  conftest.c >&5
configure:8975: $? = 0
configure:8979: /usr/bin/nm -B conftest.o \| sed -n -e 's/^.*[ ]\([ABCDGIRSTW][ABCDGIRSTW]*\)[ ][ ]*\([_A-Za-z][_A-Za-z0-9]*\)$/\1 \2 \2/p' | sed '/ __gnu_lto/d' \> conftest.nm
configure:8982: $? = 0
configure:9048: afl-gcc -o conftest -g -O2   conftest.c conftstm.o >&5
configure:9051: $? = 0
configure:9089: result: ok
configure:9136: checking for sysroot
configure:9166: result: no
configure:9173: checking for a working dd
configure:9211: result: /bin/dd
configure:9215: checking how to truncate binary pipes
configure:9230: result: /bin/dd bs=4096 count=1
configure:9366: afl-gcc -c -g -O2  conftest.c >&5
configure:9369: $? = 0
configure:9559: checking for mt
configure:9575: found /bin/mt
configure:9586: result: mt
configure:9609: checking if mt is a manifest tool
configure:9615: mt '-?'
configure:9623: result: no
configure:10297: checking for dlfcn.h
configure:10297: afl-gcc -c -g -O2  conftest.c >&5
configure:10297: $? = 0
configure:10297: result: yes
configure:10523: checking for objdir
configure:10538: result: .libs
configure:10802: checking if afl-gcc supports -fno-rtti -fno-exceptions
configure:10820: afl-gcc -c -g -O2  -fno-rtti -fno-exceptions conftest.c >&5
cc1: warning: command line option '-fno-rtti' is valid for C++/ObjC++ but not for C
configure:10824: $? = 0
configure:10837: result: no
configure:11195: checking for afl-gcc option to produce PIC
configure:11202: result: -fPIC -DPIC
configure:11210: checking if afl-gcc PIC flag -fPIC -DPIC works
configure:11228: afl-gcc -c -g -O2  -fPIC -DPIC -DPIC conftest.c >&5
configure:11232: $? = 0
configure:11245: result: yes
configure:11274: checking if afl-gcc static flag -static works
configure:11302: result: yes
configure:11317: checking if afl-gcc supports -c -o file.o
configure:11338: afl-gcc -c -g -O2  -o out/conftest2.o conftest.c >&5
configure:11342: $? = 0
configure:11364: result: yes
configure:11372: checking if afl-gcc supports -c -o file.o
configure:11419: result: yes
configure:11452: checking whether the afl-gcc linker (/usr/bin/ld -m elf_x86_64) supports shared libraries
configure:12711: result: yes
configure:12951: checking dynamic linker characteristics
configure:13532: afl-gcc -o conftest -g -O2   -Wl,-rpath -Wl,/foo conftest.c  >&5
configure:13532: $? = 0
configure:13769: result: GNU/Linux ld.so
configure:13891: checking how to hardcode library paths into programs
configure:13916: result: immediate
configure:14464: checking whether stripping libraries is possible
configure:14469: result: yes
configure:14504: checking if libtool supports shared libraries
configure:14506: result: yes
configure:14509: checking whether to build shared libraries
configure:14534: result: no
configure:14537: checking whether to build static libraries
configure:14541: result: yes
configure:14595: checking for pid_t
configure:14595: afl-gcc -c -g -O2  conftest.c >&5
configure:14595: $? = 0
configure:14595: afl-gcc -c -g -O2  conftest.c >&5
conftest.c: In function 'main':
conftest.c:66:20: error: expected expression before ')' token
 if (sizeof ((pid_t)))
                    ^
configure:14595: $? = 1
configure: failed program was:
| /* confdefs.h */
| #define PACKAGE_NAME "ntp"
| #define PACKAGE_TARNAME "ntp"
| #define PACKAGE_VERSION "4.2.8p13"
| #define PACKAGE_STRING "ntp 4.2.8p13"
| #define PACKAGE_BUGREPORT "http://bugs.ntp.org./"
| #define PACKAGE_URL "http://www.ntp.org./"
| #define PACKAGE "ntp"
| #define VERSION "4.2.8p13"
| #define STR_SYSTEM "x86_64-unknown-linux-gnu"
| #define STDC_HEADERS 1
| #define HAVE_SYS_TYPES_H 1
| #define HAVE_SYS_STAT_H 1
| #define HAVE_STDLIB_H 1
| #define HAVE_STRING_H 1
| #define HAVE_MEMORY_H 1
| #define HAVE_STRINGS_H 1
| #define HAVE_INTTYPES_H 1
| #define HAVE_STDINT_H 1
| #define HAVE_UNISTD_H 1
| #define __EXTENSIONS__ 1
| #define _ALL_SOURCE 1
| #define _GNU_SOURCE 1
| #define _POSIX_PTHREAD_SEMANTICS 1
| #define _TANDEM_SOURCE 1
| #define HAVE___ATTRIBUTE__ /**/
| #define HAVE_DLFCN_H 1
| #define LT_OBJDIR ".libs/"
| /* end confdefs.h.  */
| #include <stdio.h>
| #ifdef HAVE_SYS_TYPES_H
| # include <sys/types.h>
| #endif
| #ifdef HAVE_SYS_STAT_H
| # include <sys/stat.h>
| #endif
| #ifdef STDC_HEADERS
| # include <stdlib.h>
| # include <stddef.h>
| #else
| # ifdef HAVE_STDLIB_H
| #  include <stdlib.h>
| # endif
| #endif
| #ifdef HAVE_STRING_H
| # if !defined STDC_HEADERS && defined HAVE_MEMORY_H
| #  include <memory.h>
| # endif
| # include <string.h>
| #endif
| #ifdef HAVE_STRINGS_H
| # include <strings.h>
| #endif
| #ifdef HAVE_INTTYPES_H
| # include <inttypes.h>
| #endif
| #ifdef HAVE_STDINT_H
| # include <stdint.h>
| #endif
| #ifdef HAVE_UNISTD_H
| # include <unistd.h>
| #endif
| int
| main ()
| {
| if (sizeof ((pid_t)))
| 	    return 0;
|   ;
|   return 0;
| }
configure:14595: result: yes
configure:14611: checking for dirent.h that defines DIR
configure:14630: afl-gcc -c -g -O2  conftest.c >&5
configure:14630: $? = 0
configure:14638: result: yes
configure:14651: checking for library containing opendir
configure:14682: afl-gcc -o conftest -g -O2   conftest.c  >&5
configure:14682: $? = 0
configure:14699: result: none required
configure:14779: checking sys/mman.h usability
configure:14779: afl-gcc -c -g -O2  conftest.c >&5
configure:14779: $? = 0
configure:14779: result: yes
configure:14779: checking sys/mman.h presence
configure:14779: afl-gcc -E  conftest.c
configure:14779: $? = 0
configure:14779: result: yes
configure:14779: checking for sys/mman.h
configure:14779: result: yes
configure:14779: checking sys/param.h usability
configure:14779: afl-gcc -c -g -O2  conftest.c >&5
configure:14779: $? = 0
configure:14779: result: yes
configure:14779: checking sys/param.h presence
configure:14779: afl-gcc -E  conftest.c
configure:14779: $? = 0
configure:14779: result: yes
configure:14779: checking for sys/param.h
configure:14779: result: yes
configure:14779: checking sys/poll.h usability
configure:14779: afl-gcc -c -g -O2  conftest.c >&5
configure:14779: $? = 0
configure:14779: result: yes
configure:14779: checking sys/poll.h presence
configure:14779: afl-gcc -E  conftest.c
configure:14779: $? = 0
configure:14779: result: yes
configure:14779: checking for sys/poll.h
configure:14779: result: yes
configure:14779: checking sys/procset.h usability
configure:14779: afl-gcc -c -g -O2  conftest.c >&5
conftest.c:67:10: fatal error: sys/procset.h: No such file or directory
 #include <sys/procset.h>
          ^~~~~~~~~~~~~~~
compilation terminated.
configure:14779: $? = 1
configure: failed program was:
| /* confdefs.h */
| #define PACKAGE_NAME "ntp"
| #define PACKAGE_TARNAME "ntp"
| #define PACKAGE_VERSION "4.2.8p13"
| #define PACKAGE_STRING "ntp 4.2.8p13"
| #define PACKAGE_BUGREPORT "http://bugs.ntp.org./"
| #define PACKAGE_URL "http://www.ntp.org./"
| #define PACKAGE "ntp"
| #define VERSION "4.2.8p13"
| #define STR_SYSTEM "x86_64-unknown-linux-gnu"
| #define STDC_HEADERS 1
| #define HAVE_SYS_TYPES_H 1
| #define HAVE_SYS_STAT_H 1
| #define HAVE_STDLIB_H 1
| #define HAVE_STRING_H 1
| #define HAVE_MEMORY_H 1
| #define HAVE_STRINGS_H 1
| #define HAVE_INTTYPES_H 1
| #define HAVE_STDINT_H 1
| #define HAVE_UNISTD_H 1
| #define __EXTENSIONS__ 1
| #define _ALL_SOURCE 1
| #define _GNU_SOURCE 1
| #define _POSIX_PTHREAD_SEMANTICS 1
| #define _TANDEM_SOURCE 1
| #define HAVE___ATTRIBUTE__ /**/
| #define HAVE_DLFCN_H 1
| #define LT_OBJDIR ".libs/"
| #define HAVE_DIRENT_H 1
| #define HAVE_SYS_MMAN_H 1
| #define HAVE_SYS_PARAM_H 1
| #define HAVE_SYS_POLL_H 1
| /* end confdefs.h.  */
| #include <stdio.h>
| #ifdef HAVE_SYS_TYPES_H
| # include <sys/types.h>
| #endif
| #ifdef HAVE_SYS_STAT_H
| # include <sys/stat.h>
| #endif
| #ifdef STDC_HEADERS
| # include <stdlib.h>
| # include <stddef.h>
| #else
| # ifdef HAVE_STDLIB_H
| #  include <stdlib.h>
| # endif
| #endif
| #ifdef HAVE_STRING_H
| # if !defined STDC_HEADERS && defined HAVE_MEMORY_H
| #  include <memory.h>
| # endif
| # include <string.h>
| #endif
| #ifdef HAVE_STRINGS_H
| # include <strings.h>
| #endif
| #ifdef HAVE_INTTYPES_H
| # include <inttypes.h>
| #endif
| #ifdef HAVE_STDINT_H
| # include <stdint.h>
| #endif
| #ifdef HAVE_UNISTD_H
| # include <unistd.h>
| #endif
| #include <sys/procset.h>
configure:14779: result: no
configure:14779: checking sys/procset.h presence
configure:14779: afl-gcc -E  conftest.c
conftest.c:34:10: fatal error: sys/procset.h: No such file or directory
 #include <sys/procset.h>
          ^~~~~~~~~~~~~~~
compilation terminated.
configure:14779: $? = 1
configure: failed program was:
| /* confdefs.h */
| #define PACKAGE_NAME "ntp"
| #define PACKAGE_TARNAME "ntp"
| #define PACKAGE_VERSION "4.2.8p13"
| #define PACKAGE_STRING "ntp 4.2.8p13"
| #define PACKAGE_BUGREPORT "http://bugs.ntp.org./"
| #define PACKAGE_URL "http://www.ntp.org./"
| #define PACKAGE "ntp"
| #define VERSION "4.2.8p13"
| #define STR_SYSTEM "x86_64-unknown-linux-gnu"
| #define STDC_HEADERS 1
| #define HAVE_SYS_TYPES_H 1
| #define HAVE_SYS_STAT_H 1
| #define HAVE_STDLIB_H 1
| #define HAVE_STRING_H 1
| #define HAVE_MEMORY_H 1
| #define HAVE_STRINGS_H 1
| #define HAVE_INTTYPES_H 1
| #define HAVE_STDINT_H 1
| #define HAVE_UNISTD_H 1
| #define __EXTENSIONS__ 1
| #define _ALL_SOURCE 1
| #define _GNU_SOURCE 1
| #define _POSIX_PTHREAD_SEMANTICS 1
| #define _TANDEM_SOURCE 1
| #define HAVE___ATTRIBUTE__ /**/
| #define HAVE_DLFCN_H 1
| #define LT_OBJDIR ".libs/"
| #define HAVE_DIRENT_H 1
| #define HAVE_SYS_MMAN_H 1
| #define HAVE_SYS_PARAM_H 1
| #define HAVE_SYS_POLL_H 1
| /* end confdefs.h.  */
| #include <sys/procset.h>
configure:14779: result: no
configure:14779: checking for sys/procset.h
configure:14779: result: no
configure:14779: checking sys/select.h usability
configure:14779: afl-gcc -c -g -O2  conftest.c >&5
configure:14779: $? = 0
configure:14779: result: yes
configure:14779: checking sys/select.h presence
configure:14779: afl-gcc -E  conftest.c
configure:14779: $? = 0
configure:14779: result: yes
configure:14779: checking for sys/select.h
configure:14779: result: yes
configure:14779: checking sys/socket.h usability
configure:14779: afl-gcc -c -g -O2  conftest.c >&5
configure:14779: $? = 0
configure:14779: result: yes
configure:14779: checking sys/socket.h presence
configure:14779: afl-gcc -E  conftest.c
configure:14779: $? = 0
configure:14779: result: yes
configure:14779: checking for sys/socket.h
configure:14779: result: yes
configure:14779: checking sys/stropts.h usability
configure:14779: afl-gcc -c -g -O2  conftest.c >&5
configure:14779: $? = 0
configure:14779: result: yes
configure:14779: checking sys/stropts.h presence
configure:14779: afl-gcc -E  conftest.c
configure:14779: $? = 0
configure:14779: result: yes
configure:14779: checking for sys/stropts.h
configure:14779: result: yes
configure:14779: checking sys/time.h usability
configure:14779: afl-gcc -c -g -O2  conftest.c >&5
configure:14779: $? = 0
configure:14779: result: yes
configure:14779: checking sys/time.h presence
configure:14779: afl-gcc -E  conftest.c
configure:14779: $? = 0
configure:14779: result: yes
configure:14779: checking for sys/time.h
configure:14779: result: yes
configure:14779: checking sys/un.h usability
configure:14779: afl-gcc -c -g -O2  conftest.c >&5
configure:14779: $? = 0
configure:14779: result: yes
configure:14779: checking sys/un.h presence
configure:14779: afl-gcc -E  conftest.c
configure:14779: $? = 0
configure:14779: result: yes
configure:14779: checking for sys/un.h
configure:14779: result: yes
configure:14779: checking sys/wait.h usability
configure:14779: afl-gcc -c -g -O2  conftest.c >&5
configure:14779: $? = 0
configure:14779: result: yes
configure:14779: checking sys/wait.h presence
configure:14779: afl-gcc -E  conftest.c
configure:14779: $? = 0
configure:14779: result: yes
configure:14779: checking for sys/wait.h
configure:14779: result: yes
configure:14779: checking for dlfcn.h
configure:14779: result: yes
configure:14779: checking errno.h usability
configure:14779: afl-gcc -c -g -O2  conftest.c >&5
configure:14779: $? = 0
configure:14779: result: yes
configure:14779: checking errno.h presence
configure:14779: afl-gcc -E  conftest.c
configure:14779: $? = 0
configure:14779: result: yes
configure:14779: checking for errno.h
configure:14779: result: yes
configure:14779: checking fcntl.h usability
configure:14779: afl-gcc -c -g -O2  conftest.c >&5
configure:14779: $? = 0
configure:14779: result: yes
configure:14779: checking fcntl.h presence
configure:14779: afl-gcc -E  conftest.c
configure:14779: $? = 0
configure:14779: result: yes
configure:14779: checking for fcntl.h
configure:14779: result: yes
configure:14779: checking libgen.h usability
configure:14779: afl-gcc -c -g -O2  conftest.c >&5
configure:14779: $? = 0
configure:14779: result: yes
configure:14779: checking libgen.h presence
configure:14779: afl-gcc -E  conftest.c
configure:14779: $? = 0
configure:14779: result: yes
configure:14779: checking for libgen.h
configure:14779: result: yes
configure:14779: checking libintl.h usability
configure:14779: afl-gcc -c -g -O2  conftest.c >&5
configure:14779: $? = 0
configure:14779: result: yes
configure:14779: checking libintl.h presence
configure:14779: afl-gcc -E  conftest.c
configure:14779: $? = 0
configure:14779: result: yes
configure:14779: checking for libintl.h
configure:14779: result: yes
configure:14779: checking for memory.h
configure:14779: result: yes
configure:14779: checking netinet/in.h usability
configure:14779: afl-gcc -c -g -O2  conftest.c >&5
configure:14779: $? = 0
configure:14779: result: yes
configure:14779: checking netinet/in.h presence
configure:14779: afl-gcc -E  conftest.c
configure:14779: $? = 0
configure:14779: result: yes
configure:14779: checking for netinet/in.h
configure:14779: result: yes
configure:14779: checking setjmp.h usability
configure:14779: afl-gcc -c -g -O2  conftest.c >&5
configure:14779: $? = 0
configure:14779: result: yes
configure:14779: checking setjmp.h presence
configure:14779: afl-gcc -E  conftest.c
configure:14779: $? = 0
configure:14779: result: yes
configure:14779: checking for setjmp.h
configure:14779: result: yes
configure:14779: checking stdbool.h usability
configure:14779: afl-gcc -c -g -O2  conftest.c >&5
configure:14779: $? = 0
configure:14779: result: yes
configure:14779: checking stdbool.h presence
configure:14779: afl-gcc -E  conftest.c
configure:14779: $? = 0
configure:14779: result: yes
configure:14779: checking for stdbool.h
configure:14779: result: yes
configure:14779: checking sysexits.h usability
configure:14779: afl-gcc -c -g -O2  conftest.c >&5
configure:14779: $? = 0
configure:14779: result: yes
configure:14779: checking sysexits.h presence
configure:14779: afl-gcc -E  conftest.c
configure:14779: $? = 0
configure:14779: result: yes
configure:14779: checking for sysexits.h
configure:14779: result: yes
configure:14779: checking for unistd.h
configure:14779: result: yes
configure:14779: checking utime.h usability
configure:14779: afl-gcc -c -g -O2  conftest.c >&5
configure:14779: $? = 0
configure:14779: result: yes
configure:14779: checking utime.h presence
configure:14779: afl-gcc -E  conftest.c
configure:14779: $? = 0
configure:14779: result: yes
configure:14779: checking for utime.h
configure:14779: result: yes
configure:14793: checking stdarg.h usability
configure:14793: afl-gcc -c -g -O2  conftest.c >&5
configure:14793: $? = 0
configure:14793: result: yes
configure:14793: checking stdarg.h presence
configure:14793: afl-gcc -E  conftest.c
configure:14793: $? = 0
configure:14793: result: yes
configure:14793: checking for stdarg.h
configure:14793: result: yes
configure:14809: checking for string.h
configure:14809: result: yes
configure:14825: checking limits.h usability
configure:14825: afl-gcc -c -g -O2  conftest.c >&5
configure:14825: $? = 0
configure:14825: result: yes
configure:14825: checking limits.h presence
configure:14825: afl-gcc -E  conftest.c
configure:14825: $? = 0
configure:14825: result: yes
configure:14825: checking for limits.h
configure:14825: result: yes
configure:14841: checking for inttypes.h
configure:14841: result: yes
configure:14854: checking for working stdnoreturn.h
configure:14883: afl-gcc -c -g -O2  conftest.c >&5
configure:14883: $? = 0
configure:14890: result: yes
configure:14917: checking for runetype.h
configure:14917: afl-gcc -c -g -O2  conftest.c >&5
conftest.c:95:10: fatal error: runetype.h: No such file or directory
 #include <runetype.h>
          ^~~~~~~~~~~~
compilation terminated.
configure:14917: $? = 1
configure: failed program was:
| /* confdefs.h */
| #define PACKAGE_NAME "ntp"
| #define PACKAGE_TARNAME "ntp"
| #define PACKAGE_VERSION "4.2.8p13"
| #define PACKAGE_STRING "ntp 4.2.8p13"
| #define PACKAGE_BUGREPORT "http://bugs.ntp.org./"
| #define PACKAGE_URL "http://www.ntp.org./"
| #define PACKAGE "ntp"
| #define VERSION "4.2.8p13"
| #define STR_SYSTEM "x86_64-unknown-linux-gnu"
| #define STDC_HEADERS 1
| #define HAVE_SYS_TYPES_H 1
| #define HAVE_SYS_STAT_H 1
| #define HAVE_STDLIB_H 1
| #define HAVE_STRING_H 1
| #define HAVE_MEMORY_H 1
| #define HAVE_STRINGS_H 1
| #define HAVE_INTTYPES_H 1
| #define HAVE_STDINT_H 1
| #define HAVE_UNISTD_H 1
| #define __EXTENSIONS__ 1
| #define _ALL_SOURCE 1
| #define _GNU_SOURCE 1
| #define _POSIX_PTHREAD_SEMANTICS 1
| #define _TANDEM_SOURCE 1
| #define HAVE___ATTRIBUTE__ /**/
| #define HAVE_DLFCN_H 1
| #define LT_OBJDIR ".libs/"
| #define HAVE_DIRENT_H 1
| #define HAVE_SYS_MMAN_H 1
| #define HAVE_SYS_PARAM_H 1
| #define HAVE_SYS_POLL_H 1
| #define HAVE_SYS_SELECT_H 1
| #define HAVE_SYS_SOCKET_H 1
| #define HAVE_SYS_STROPTS_H 1
| #define HAVE_SYS_TIME_H 1
| #define HAVE_SYS_UN_H 1
| #define HAVE_SYS_WAIT_H 1
| #define HAVE_DLFCN_H 1
| #define HAVE_ERRNO_H 1
| #define HAVE_FCNTL_H 1
| #define HAVE_LIBGEN_H 1
| #define HAVE_LIBINTL_H 1
| #define HAVE_MEMORY_H 1
| #define HAVE_NETINET_IN_H 1
| #define HAVE_SETJMP_H 1
| #define HAVE_STDBOOL_H 1
| #define HAVE_SYSEXITS_H 1
| #define HAVE_UNISTD_H 1
| #define HAVE_UTIME_H 1
| #define HAVE_STDARG_H 1
| #define HAVE_STRING_H 1
| #define HAVE_LIMITS_H 1
| #define HAVE_INTTYPES_H 1
| /* end confdefs.h.  */
| 
|   #include <stdio.h>
| #ifdef HAVE_SYS_TYPES_H
| # include <sys/types.h>
| #endif
| #ifdef HAVE_SYS_STAT_H
| # include <sys/stat.h>
| #endif
| #ifdef STDC_HEADERS
| # include <stdlib.h>
| # include <stddef.h>
| #else
| # ifdef HAVE_STDLIB_H
| #  include <stdlib.h>
| # endif
| #endif
| #ifdef HAVE_STRING_H
| # if !defined STDC_HEADERS && defined HAVE_MEMORY_H
| #  include <memory.h>
| # endif
| # include <string.h>
| #endif
| #ifdef HAVE_STRINGS_H
| # include <strings.h>
| #endif
| #ifdef HAVE_INTTYPES_H
| # include <inttypes.h>
| #endif
| #ifdef HAVE_STDINT_H
| # include <stdint.h>
| #endif
| #ifdef HAVE_UNISTD_H
| # include <unistd.h>
| #endif
|   #if HAVE_RUNETYPE_H
|   # include <runetype.h>
|   #endif
| 
| 
| #include <runetype.h>
configure:14917: result: no
configure:14917: checking for wchar.h
configure:14917: afl-gcc -c -g -O2  conftest.c >&5
configure:14917: $? = 0
configure:14917: result: yes
configure:14974: checking for wchar_t
configure:14974: afl-gcc -c -g -O2  conftest.c >&5
configure:14974: $? = 0
configure:14974: afl-gcc -c -g -O2  conftest.c >&5
conftest.c: In function 'main':
conftest.c:93:22: error: expected expression before ')' token
 if (sizeof ((wchar_t)))
                      ^
configure:14974: $? = 1
configure: failed program was:
| /* confdefs.h */
| #define PACKAGE_NAME "ntp"
| #define PACKAGE_TARNAME "ntp"
| #define PACKAGE_VERSION "4.2.8p13"
| #define PACKAGE_STRING "ntp 4.2.8p13"
| #define PACKAGE_BUGREPORT "http://bugs.ntp.org./"
| #define PACKAGE_URL "http://www.ntp.org./"
| #define PACKAGE "ntp"
| #define VERSION "4.2.8p13"
| #define STR_SYSTEM "x86_64-unknown-linux-gnu"
| #define STDC_HEADERS 1
| #define HAVE_SYS_TYPES_H 1
| #define HAVE_SYS_STAT_H 1
| #define HAVE_STDLIB_H 1
| #define HAVE_STRING_H 1
| #define HAVE_MEMORY_H 1
| #define HAVE_STRINGS_H 1
| #define HAVE_INTTYPES_H 1
| #define HAVE_STDINT_H 1
| #define HAVE_UNISTD_H 1
| #define __EXTENSIONS__ 1
| #define _ALL_SOURCE 1
| #define _GNU_SOURCE 1
| #define _POSIX_PTHREAD_SEMANTICS 1
| #define _TANDEM_SOURCE 1
| #define HAVE___ATTRIBUTE__ /**/
| #define HAVE_DLFCN_H 1
| #define LT_OBJDIR ".libs/"
| #define HAVE_DIRENT_H 1
| #define HAVE_SYS_MMAN_H 1
| #define HAVE_SYS_PARAM_H 1
| #define HAVE_SYS_POLL_H 1
| #define HAVE_SYS_SELECT_H 1
| #define HAVE_SYS_SOCKET_H 1
| #define HAVE_SYS_STROPTS_H 1
| #define HAVE_SYS_TIME_H 1
| #define HAVE_SYS_UN_H 1
| #define HAVE_SYS_WAIT_H 1
| #define HAVE_DLFCN_H 1
| #define HAVE_ERRNO_H 1
| #define HAVE_FCNTL_H 1
| #define HAVE_LIBGEN_H 1
| #define HAVE_LIBINTL_H 1
| #define HAVE_MEMORY_H 1
| #define HAVE_NETINET_IN_H 1
| #define HAVE_SETJMP_H 1
| #define HAVE_STDBOOL_H 1
| #define HAVE_SYSEXITS_H 1
| #define HAVE_UNISTD_H 1
| #define HAVE_UTIME_H 1
| #define HAVE_STDARG_H 1
| #define HAVE_STRING_H 1
| #define HAVE_LIMITS_H 1
| #define HAVE_INTTYPES_H 1
| #define HAVE_WCHAR_H 1
| /* end confdefs.h.  */
| #include <stdio.h>
| #ifdef HAVE_SYS_TYPES_H
| # include <sys/types.h>
| #endif
| #ifdef HAVE_SYS_STAT_H
| # include <sys/stat.h>
| #endif
| #ifdef STDC_HEADERS
| # include <stdlib.h>
| # include <stddef.h>
| #else
| # ifdef HAVE_STDLIB_H
| #  include <stdlib.h>
| # endif
| #endif
| #ifdef HAVE_STRING_H
| # if !defined STDC_HEADERS && defined HAVE_MEMORY_H
| #  include <memory.h>
| # endif
| # include <string.h>
| #endif
| #ifdef HAVE_STRINGS_H
| # include <strings.h>
| #endif
| #ifdef HAVE_INTTYPES_H
| # include <inttypes.h>
| #endif
| #ifdef HAVE_STDINT_H
| # include <stdint.h>
| #endif
| #ifdef HAVE_UNISTD_H
| # include <unistd.h>
| #endif
| int
| main ()
| {
| if (sizeof ((wchar_t)))
| 	    return 0;
|   ;
|   return 0;
| }
configure:14974: result: yes
configure:14984: checking for wint_t
configure:14984: afl-gcc -c -g -O2  conftest.c >&5
configure:14984: $? = 0
configure:14984: afl-gcc -c -g -O2  conftest.c >&5
conftest.c: In function 'main':
conftest.c:103:21: error: expected expression before ')' token
 if (sizeof ((wint_t)))
                     ^
configure:14984: $? = 1
configure: failed program was:
| /* confdefs.h */
| #define PACKAGE_NAME "ntp"
| #define PACKAGE_TARNAME "ntp"
| #define PACKAGE_VERSION "4.2.8p13"
| #define PACKAGE_STRING "ntp 4.2.8p13"
| #define PACKAGE_BUGREPORT "http://bugs.ntp.org./"
| #define PACKAGE_URL "http://www.ntp.org./"
| #define PACKAGE "ntp"
| #define VERSION "4.2.8p13"
| #define STR_SYSTEM "x86_64-unknown-linux-gnu"
| #define STDC_HEADERS 1
| #define HAVE_SYS_TYPES_H 1
| #define HAVE_SYS_STAT_H 1
| #define HAVE_STDLIB_H 1
| #define HAVE_STRING_H 1
| #define HAVE_MEMORY_H 1
| #define HAVE_STRINGS_H 1
| #define HAVE_INTTYPES_H 1
| #define HAVE_STDINT_H 1
| #define HAVE_UNISTD_H 1
| #define __EXTENSIONS__ 1
| #define _ALL_SOURCE 1
| #define _GNU_SOURCE 1
| #define _POSIX_PTHREAD_SEMANTICS 1
| #define _TANDEM_SOURCE 1
| #define HAVE___ATTRIBUTE__ /**/
| #define HAVE_DLFCN_H 1
| #define LT_OBJDIR ".libs/"
| #define HAVE_DIRENT_H 1
| #define HAVE_SYS_MMAN_H 1
| #define HAVE_SYS_PARAM_H 1
| #define HAVE_SYS_POLL_H 1
| #define HAVE_SYS_SELECT_H 1
| #define HAVE_SYS_SOCKET_H 1
| #define HAVE_SYS_STROPTS_H 1
| #define HAVE_SYS_TIME_H 1
| #define HAVE_SYS_UN_H 1
| #define HAVE_SYS_WAIT_H 1
| #define HAVE_DLFCN_H 1
| #define HAVE_ERRNO_H 1
| #define HAVE_FCNTL_H 1
| #define HAVE_LIBGEN_H 1
| #define HAVE_LIBINTL_H 1
| #define HAVE_MEMORY_H 1
| #define HAVE_NETINET_IN_H 1
| #define HAVE_SETJMP_H 1
| #define HAVE_STDBOOL_H 1
| #define HAVE_SYSEXITS_H 1
| #define HAVE_UNISTD_H 1
| #define HAVE_UTIME_H 1
| #define HAVE_STDARG_H 1
| #define HAVE_STRING_H 1
| #define HAVE_LIMITS_H 1
| #define HAVE_INTTYPES_H 1
| #define HAVE_WCHAR_H 1
| #define HAVE_WCHAR_T 1
| /* end confdefs.h.  */
| 
|     #include <stdio.h>
| #ifdef HAVE_SYS_TYPES_H
| # include <sys/types.h>
| #endif
| #ifdef HAVE_SYS_STAT_H
| # include <sys/stat.h>
| #endif
| #ifdef STDC_HEADERS
| # include <stdlib.h>
| # include <stddef.h>
| #else
| # ifdef HAVE_STDLIB_H
| #  include <stdlib.h>
| # endif
| #endif
| #ifdef HAVE_STRING_H
| # if !defined STDC_HEADERS && defined HAVE_MEMORY_H
| #  include <memory.h>
| # endif
| # include <string.h>
| #endif
| #ifdef HAVE_STRINGS_H
| # include <strings.h>
| #endif
| #ifdef HAVE_INTTYPES_H
| # include <inttypes.h>
| #endif
| #ifdef HAVE_STDINT_H
| # include <stdint.h>
| #endif
| #ifdef HAVE_UNISTD_H
| # include <unistd.h>
| #endif
|     #if HAVE_RUNETYPE_H
|     # include <runetype.h>
|     #endif
|     #if HAVE_WCHAR_H
|     # include <wchar.h>
|     #endif
| 
| 
| int
| main ()
| {
| if (sizeof ((wint_t)))
| 	    return 0;
|   ;
|   return 0;
| }
configure:14984: result: yes
configure:15003: checking for int8_t
configure:15003: afl-gcc -c -g -O2  conftest.c >&5
configure:15003: $? = 0
configure:15003: afl-gcc -c -g -O2  conftest.c >&5
conftest.c: In function 'main':
conftest.c:95:21: error: expected expression before ')' token
 if (sizeof ((int8_t)))
                     ^
configure:15003: $? = 1
configure: failed program was:
| /* confdefs.h */
| #define PACKAGE_NAME "ntp"
| #define PACKAGE_TARNAME "ntp"
| #define PACKAGE_VERSION "4.2.8p13"
| #define PACKAGE_STRING "ntp 4.2.8p13"
| #define PACKAGE_BUGREPORT "http://bugs.ntp.org./"
| #define PACKAGE_URL "http://www.ntp.org./"
| #define PACKAGE "ntp"
| #define VERSION "4.2.8p13"
| #define STR_SYSTEM "x86_64-unknown-linux-gnu"
| #define STDC_HEADERS 1
| #define HAVE_SYS_TYPES_H 1
| #define HAVE_SYS_STAT_H 1
| #define HAVE_STDLIB_H 1
| #define HAVE_STRING_H 1
| #define HAVE_MEMORY_H 1
| #define HAVE_STRINGS_H 1
| #define HAVE_INTTYPES_H 1
| #define HAVE_STDINT_H 1
| #define HAVE_UNISTD_H 1
| #define __EXTENSIONS__ 1
| #define _ALL_SOURCE 1
| #define _GNU_SOURCE 1
| #define _POSIX_PTHREAD_SEMANTICS 1
| #define _TANDEM_SOURCE 1
| #define HAVE___ATTRIBUTE__ /**/
| #define HAVE_DLFCN_H 1
| #define LT_OBJDIR ".libs/"
| #define HAVE_DIRENT_H 1
| #define HAVE_SYS_MMAN_H 1
| #define HAVE_SYS_PARAM_H 1
| #define HAVE_SYS_POLL_H 1
| #define HAVE_SYS_SELECT_H 1
| #define HAVE_SYS_SOCKET_H 1
| #define HAVE_SYS_STROPTS_H 1
| #define HAVE_SYS_TIME_H 1
| #define HAVE_SYS_UN_H 1
| #define HAVE_SYS_WAIT_H 1
| #define HAVE_DLFCN_H 1
| #define HAVE_ERRNO_H 1
| #define HAVE_FCNTL_H 1
| #define HAVE_LIBGEN_H 1
| #define HAVE_LIBINTL_H 1
| #define HAVE_MEMORY_H 1
| #define HAVE_NETINET_IN_H 1
| #define HAVE_SETJMP_H 1
| #define HAVE_STDBOOL_H 1
| #define HAVE_SYSEXITS_H 1
| #define HAVE_UNISTD_H 1
| #define HAVE_UTIME_H 1
| #define HAVE_STDARG_H 1
| #define HAVE_STRING_H 1
| #define HAVE_LIMITS_H 1
| #define HAVE_INTTYPES_H 1
| #define HAVE_WCHAR_H 1
| #define HAVE_WCHAR_T 1
| #define HAVE_WINT_T 1
| /* end confdefs.h.  */
| #include <stdio.h>
| #ifdef HAVE_SYS_TYPES_H
| # include <sys/types.h>
| #endif
| #ifdef HAVE_SYS_STAT_H
| # include <sys/stat.h>
| #endif
| #ifdef STDC_HEADERS
| # include <stdlib.h>
| # include <stddef.h>
| #else
| # ifdef HAVE_STDLIB_H
| #  include <stdlib.h>
| # endif
| #endif
| #ifdef HAVE_STRING_H
| # if !defined STDC_HEADERS && defined HAVE_MEMORY_H
| #  include <memory.h>
| # endif
| # include <string.h>
| #endif
| #ifdef HAVE_STRINGS_H
| # include <strings.h>
| #endif
| #ifdef HAVE_INTTYPES_H
| # include <inttypes.h>
| #endif
| #ifdef HAVE_STDINT_H
| # include <stdint.h>
| #endif
| #ifdef HAVE_UNISTD_H
| # include <unistd.h>
| #endif
| int
| main ()
| {
| if (sizeof ((int8_t)))
| 	    return 0;
|   ;
|   return 0;
| }
configure:15003: result: yes
configure:15012: checking for uint8_t
configure:15012: afl-gcc -c -g -O2  conftest.c >&5
configure:15012: $? = 0
configure:15012: afl-gcc -c -g -O2  conftest.c >&5
conftest.c: In function 'main':
conftest.c:96:22: error: expected expression before ')' token
 if (sizeof ((uint8_t)))
                      ^
configure:15012: $? = 1
configure: failed program was:
| /* confdefs.h */
| #define PACKAGE_NAME "ntp"
| #define PACKAGE_TARNAME "ntp"
| #define PACKAGE_VERSION "4.2.8p13"
| #define PACKAGE_STRING "ntp 4.2.8p13"
| #define PACKAGE_BUGREPORT "http://bugs.ntp.org./"
| #define PACKAGE_URL "http://www.ntp.org./"
| #define PACKAGE "ntp"
| #define VERSION "4.2.8p13"
| #define STR_SYSTEM "x86_64-unknown-linux-gnu"
| #define STDC_HEADERS 1
| #define HAVE_SYS_TYPES_H 1
| #define HAVE_SYS_STAT_H 1
| #define HAVE_STDLIB_H 1
| #define HAVE_STRING_H 1
| #define HAVE_MEMORY_H 1
| #define HAVE_STRINGS_H 1
| #define HAVE_INTTYPES_H 1
| #define HAVE_STDINT_H 1
| #define HAVE_UNISTD_H 1
| #define __EXTENSIONS__ 1
| #define _ALL_SOURCE 1
| #define _GNU_SOURCE 1
| #define _POSIX_PTHREAD_SEMANTICS 1
| #define _TANDEM_SOURCE 1
| #define HAVE___ATTRIBUTE__ /**/
| #define HAVE_DLFCN_H 1
| #define LT_OBJDIR ".libs/"
| #define HAVE_DIRENT_H 1
| #define HAVE_SYS_MMAN_H 1
| #define HAVE_SYS_PARAM_H 1
| #define HAVE_SYS_POLL_H 1
| #define HAVE_SYS_SELECT_H 1
| #define HAVE_SYS_SOCKET_H 1
| #define HAVE_SYS_STROPTS_H 1
| #define HAVE_SYS_TIME_H 1
| #define HAVE_SYS_UN_H 1
| #define HAVE_SYS_WAIT_H 1
| #define HAVE_DLFCN_H 1
| #define HAVE_ERRNO_H 1
| #define HAVE_FCNTL_H 1
| #define HAVE_LIBGEN_H 1
| #define HAVE_LIBINTL_H 1
| #define HAVE_MEMORY_H 1
| #define HAVE_NETINET_IN_H 1
| #define HAVE_SETJMP_H 1
| #define HAVE_STDBOOL_H 1
| #define HAVE_SYSEXITS_H 1
| #define HAVE_UNISTD_H 1
| #define HAVE_UTIME_H 1
| #define HAVE_STDARG_H 1
| #define HAVE_STRING_H 1
| #define HAVE_LIMITS_H 1
| #define HAVE_INTTYPES_H 1
| #define HAVE_WCHAR_H 1
| #define HAVE_WCHAR_T 1
| #define HAVE_WINT_T 1
| #define HAVE_INT8_T 1
| /* end confdefs.h.  */
| #include <stdio.h>
| #ifdef HAVE_SYS_TYPES_H
| # include <sys/types.h>
| #endif
| #ifdef HAVE_SYS_STAT_H
| # include <sys/stat.h>
| #endif
| #ifdef STDC_HEADERS
| # include <stdlib.h>
| # include <stddef.h>
| #else
| # ifdef HAVE_STDLIB_H
| #  include <stdlib.h>
| # endif
| #endif
| #ifdef HAVE_STRING_H
| # if !defined STDC_HEADERS && defined HAVE_MEMORY_H
| #  include <memory.h>
| # endif
| # include <string.h>
| #endif
| #ifdef HAVE_STRINGS_H
| # include <strings.h>
| #endif
| #ifdef HAVE_INTTYPES_H
| # include <inttypes.h>
| #endif
| #ifdef HAVE_STDINT_H
| # include <stdint.h>
| #endif
| #ifdef HAVE_UNISTD_H
| # include <unistd.h>
| #endif
| int
| main ()
| {
| if (sizeof ((uint8_t)))
| 	    return 0;
|   ;
|   return 0;
| }
configure:15012: result: yes
configure:15021: checking for int16_t
configure:15021: afl-gcc -c -g -O2  conftest.c >&5
configure:15021: $? = 0
configure:15021: afl-gcc -c -g -O2  conftest.c >&5

## ---------------- ##
## Cache variables. ##
## ---------------- ##

ac_cv_build=x86_64-unknown-linux-gnu
ac_cv_c_bigendian=no
ac_cv_c_compiler_gnu=yes
ac_cv_c_volatile=yes
ac_cv_env_CC_set=set
ac_cv_env_CC_value=afl-gcc
ac_cv_env_CFLAGS_set=
ac_cv_env_CFLAGS_value=
ac_cv_env_CPPFLAGS_set=
ac_cv_env_CPPFLAGS_value=
ac_cv_env_CPP_set=
ac_cv_env_CPP_value=
ac_cv_env_LDFLAGS_set=
ac_cv_env_LDFLAGS_value=
ac_cv_env_LIBS_set=
ac_cv_env_LIBS_value=
ac_cv_env_LT_SYS_LIBRARY_PATH_set=
ac_cv_env_LT_SYS_LIBRARY_PATH_value=
ac_cv_env_YACC_set=
ac_cv_env_YACC_value=
ac_cv_env_YFLAGS_set=
ac_cv_env_YFLAGS_value=
ac_cv_env_build_alias_set=
ac_cv_env_build_alias_value=
ac_cv_env_host_alias_set=
ac_cv_env_host_alias_value=
ac_cv_env_target_alias_set=
ac_cv_env_target_alias_value=
ac_cv_header_dirent_dirent_h=yes
ac_cv_header_dlfcn_h=yes
ac_cv_header_errno_h=yes
ac_cv_header_fcntl_h=yes
ac_cv_header_inttypes_h=yes
ac_cv_header_libgen_h=yes
ac_cv_header_libintl_h=yes
ac_cv_header_limits_h=yes
ac_cv_header_memory_h=yes
ac_cv_header_minix_config_h=no
ac_cv_header_netinet_in_h=yes
ac_cv_header_runetype_h=no
ac_cv_header_setjmp_h=yes
ac_cv_header_stdarg_h=yes
ac_cv_header_stdbool_h=yes
ac_cv_header_stdc=yes
ac_cv_header_stdint_h=yes
ac_cv_header_stdlib_h=yes
ac_cv_header_string_h=yes
ac_cv_header_strings_h=yes
ac_cv_header_sys_mman_h=yes
ac_cv_header_sys_param_h=yes
ac_cv_header_sys_poll_h=yes
ac_cv_header_sys_procset_h=no
ac_cv_header_sys_select_h=yes
ac_cv_header_sys_socket_h=yes
ac_cv_header_sys_stat_h=yes
ac_cv_header_sys_stropts_h=yes
ac_cv_header_sys_time_h=yes
ac_cv_header_sys_types_h=yes
ac_cv_header_sys_un_h=yes
ac_cv_header_sys_wait_h=yes
ac_cv_header_sysexits_h=yes
ac_cv_header_unistd_h=yes
ac_cv_header_utime_h=yes
ac_cv_header_wchar_h=yes
ac_cv_host=x86_64-unknown-linux-gnu
ac_cv_objext=o
ac_cv_path_EGREP='/bin/grep -E'
ac_cv_path_FGREP='/bin/grep -F'
ac_cv_path_GREP=/bin/grep
ac_cv_path_SED=/bin/sed
ac_cv_path_install='/usr/bin/install -c'
ac_cv_path_lt_DD=/bin/dd
ac_cv_path_mkdir=/bin/mkdir
ac_cv_prog_AWK=mawk
ac_cv_prog_CPP='afl-gcc -E'
ac_cv_prog_YACC='bison -y'
ac_cv_prog_ac_ct_AR=ar
ac_cv_prog_ac_ct_MANIFEST_TOOL=mt
ac_cv_prog_ac_ct_OBJDUMP=objdump
ac_cv_prog_ac_ct_RANLIB=ranlib
ac_cv_prog_ac_ct_STRIP=strip
ac_cv_prog_cc_c89=
ac_cv_prog_cc_c99=
ac_cv_prog_cc_g=yes
ac_cv_prog_cc_stdc=
ac_cv_prog_gcc_traditional=no
ac_cv_prog_make_make_set=yes
ac_cv_safe_to_define___extensions__=yes
ac_cv_search_opendir='none required'
ac_cv_type_int16_t=no
ac_cv_type_int8_t=yes
ac_cv_type_pid_t=yes
ac_cv_type_uint8_t=yes
ac_cv_type_wchar_t=yes
ac_cv_type_wint_t=yes
am_cv_CC_dependencies_compiler_type=gcc3
am_cv_ar_interface=ar
am_cv_make_support_nested_variables=yes
am_cv_prog_cc_c_o=yes
gl_cv_header_working_stdnoreturn_h=yes
lt_cv_ar_at_file=@
lt_cv_deplibs_check_method=pass_all
lt_cv_file_magic_cmd='$MAGIC_CMD'
lt_cv_file_magic_test_file=
lt_cv_ld_reload_flag=-r
lt_cv_nm_interface='BSD nm'
lt_cv_objdir=.libs
lt_cv_path_LD=/usr/bin/ld
lt_cv_path_NM='/usr/bin/nm -B'
lt_cv_path_mainfest_tool=no
lt_cv_prog_compiler_c_o=yes
lt_cv_prog_compiler_pic='-fPIC -DPIC'
lt_cv_prog_compiler_pic_works=yes
lt_cv_prog_compiler_rtti_exceptions=no
lt_cv_prog_compiler_static_works=yes
lt_cv_prog_gnu_ld=yes
lt_cv_sharedlib_from_linklib_cmd='printf %s\n'
lt_cv_shlibpath_overrides_runpath=yes
lt_cv_sys_global_symbol_pipe='sed -n -e '\''s/^.*[	 ]\([ABCDGIRSTW][ABCDGIRSTW]*\)[	 ][	 ]*\([_A-Za-z][_A-Za-z0-9]*\)$/\1 \2 \2/p'\'' | sed '\''/ __gnu_lto/d'\'''
lt_cv_sys_global_symbol_to_c_name_address='sed -n -e '\''s/^: \(.*\) .*$/  {"\1", (void *) 0},/p'\'' -e '\''s/^[ABCDGIRSTW][ABCDGIRSTW]* .* \(.*\)$/  {"\1", (void *) \&\1},/p'\'''
lt_cv_sys_global_symbol_to_c_name_address_lib_prefix='sed -n -e '\''s/^: \(.*\) .*$/  {"\1", (void *) 0},/p'\'' -e '\''s/^[ABCDGIRSTW][ABCDGIRSTW]* .* \(lib.*\)$/  {"\1", (void *) \&\1},/p'\'' -e '\''s/^[ABCDGIRSTW][ABCDGIRSTW]* .* \(.*\)$/  {"lib\1", (void *) \&\1},/p'\'''
lt_cv_sys_global_symbol_to_cdecl='sed -n -e '\''s/^T .* \(.*\)$/extern int \1();/p'\'' -e '\''s/^[ABCDGIRSTW][ABCDGIRSTW]* .* \(.*\)$/extern char \1;/p'\'''
lt_cv_sys_global_symbol_to_import=
lt_cv_sys_max_cmd_len=1572864
lt_cv_to_host_file_cmd=func_convert_file_noop
lt_cv_to_tool_file_cmd=func_convert_file_noop
lt_cv_truncate_bin='/bin/dd bs=4096 count=1'
ntp_cv_cc_attribute=yes
ntp_cv_cpp_warning=yes
ntp_cv_gc_sections_runs=yes
ntp_cv_gcc_Winit_self=yes
ntp_cv_gcc_Wstrict_overflow=yes
ntp_cv_main_cache_version=20120806

## ----------------- ##
## Output variables. ##
## ----------------- ##

ACLOCAL='${SHELL} /home/price/repos/fuzz-ntp2/sntp/libevent/build-aux/missing aclocal-1.15'
ALLOCA=''
AMDEPBACKSLASH='\'
AMDEP_FALSE='#'
AMDEP_TRUE=''
AMTAR='$${TAR-tar}'
AM_BACKSLASH='\'
AM_DEFAULT_V='$(AM_DEFAULT_VERBOSITY)'
AM_DEFAULT_VERBOSITY='0'
AM_V='$(V)'
AR='ar'
AUTOCONF='${SHELL} /home/price/repos/fuzz-ntp2/sntp/libevent/build-aux/missing autoconf'
AUTOHEADER='${SHELL} /home/price/repos/fuzz-ntp2/sntp/libevent/build-aux/missing autoheader'
AUTOMAKE='${SHELL} /home/price/repos/fuzz-ntp2/sntp/libevent/build-aux/missing automake-1.15'
AWK='mawk'
BUILD_LIBEVENT_FALSE=''
BUILD_LIBEVENT_TRUE=''
BUILD_SNTP_FALSE=''
BUILD_SNTP_TRUE=''
BUILD_TEST_NTP_RESTRICT_FALSE=''
BUILD_TEST_NTP_RESTRICT_TRUE=''
BUILD_TEST_NTP_SCANNER_FALSE=''
BUILD_TEST_NTP_SCANNER_TRUE=''
BUILD_TEST_NTP_SIGND_FALSE=''
BUILD_TEST_NTP_SIGND_TRUE=''
BUILD_THREAD=''
CALC_TICKADJ_DB='calc_tickadj'
CALC_TICKADJ_DL=''
CALC_TICKADJ_DS=''
CALC_TICKADJ_MS='1'
CALC_TICKADJ_NI=''
CC='afl-gcc'
CCDEPMODE='depmode=gcc3'
CFLAGS='-g -O2'
CFLAGS_LIBEVENT=''
CFLAGS_NTP=' -ffunction-sections -fdata-sections -Wall -Wcast-align -Wcast-qual -Wmissing-prototypes -Wpointer-arith -Wshadow -Winit-self -Wstrict-overflow '
CHUTEST=''
CONFIG_SHELL='/bin/bash'
CPP='afl-gcc -E'
CPPFLAGS=''
CPPFLAGS_LIBEVENT=''
CPPFLAGS_NTP=''
CYGPATH_W='echo'
DCFD=''
DEFS=''
DEPDIR='.deps'
DLLTOOL='false'
DSYMUTIL=''
DUMPBIN=''
ECHO_C=''
ECHO_N='-n'
ECHO_T=''
EDITLINE_LIBS=''
EGREP='/bin/grep -E'
EXEEXT=''
FGREP='/bin/grep -F'
GL_GENERATE_STDNORETURN_H_FALSE=''
GL_GENERATE_STDNORETURN_H_TRUE='#'
GREP='/bin/grep'
GTEST_AVAILABLE_FALSE=''
GTEST_AVAILABLE_TRUE=''
GTEST_CONFIG=''
GTEST_CPPFLAGS=''
GTEST_CXXFLAGS=''
GTEST_LDFLAGS=''
GTEST_LIBS=''
HAVE_INLINE=''
HAVE_LEAPSMEARINTERVAL=''
HAVE_RLIMIT_MEMLOCK=''
HAVE_RLIMIT_STACK=''
INSTALL_DATA='${INSTALL} -m 644'
INSTALL_LIBOPTS_FALSE=''
INSTALL_LIBOPTS_TRUE=''
INSTALL_NTPSWEEP_FALSE=''
INSTALL_NTPSWEEP_TRUE='#'
INSTALL_PROGRAM='${INSTALL}'
INSTALL_SCRIPT='${INSTALL}'
INSTALL_STRIP_PROGRAM='$(install_sh) -c -s'
INSTALL_UPDATE_LEAP_FALSE='#'
INSTALL_UPDATE_LEAP_TRUE=''
LD='/usr/bin/ld -m elf_x86_64'
LDADD_LIBEVENT=''
LDADD_LIBNTP='-Wl,--gc-sections'
LDADD_LIBUTIL=''
LDADD_NLIST=''
LDADD_NTP=''
LDFLAGS=''
LDFLAGS_NTP=' '
LIBISC_PTHREADS_NOTHREADS=''
LIBM=''
LIBOBJS=''
LIBOPTS_CFLAGS=''
LIBOPTS_DIR=''
LIBOPTS_LDADD=''
LIBPARSE=''
LIBS=''
LIBTOOL='$(SHELL) $(top_builddir)/libtool'
LIBTOOL_DEPS='sntp/libevent/build-aux/ltmain.sh'
LIPO=''
LN_S='ln -s'
LSCF=''
LTHREAD_LIBS=''
LTLIBOBJS=''
LT_SYS_LIBRARY_PATH=''
MAKEINFO='${SHELL} /home/price/repos/fuzz-ntp2/sntp/libevent/build-aux/missing makeinfo'
MAKE_ADJTIMED=''
MAKE_CHECK_LAYOUT=''
MAKE_CHECK_Y2K=''
MAKE_LIBNTPSIM=''
MAKE_LIBPARSE=''
MAKE_LIBPARSE_KERNEL=''
MAKE_NTPDSIM=''
MAKE_NTPSNMPD=''
MAKE_NTPTIME=''
MAKE_PARSEKMODULE=''
MAKE_TICKADJ=''
MAKE_TIMETRIM=''
MANIFEST_TOOL=':'
MANTAGFMT='man'
MKDIR_P='/bin/mkdir -p'
NEED_LIBOPTS_FALSE=''
NEED_LIBOPTS_TRUE=''
NM='/usr/bin/nm -B'
NMEDIT=''
NTPDATE_DB='ntpdate'
NTPDATE_DL=''
NTPDATE_DS=''
NTPDATE_MS='1'
NTPDATE_NI=''
NTPDC_DB='ntpdc'
NTPDC_DL=''
NTPDC_DS=''
NTPDC_MS='1'
NTPDC_NI=''
NTPDSIM_DB='ntpdsim'
NTPDSIM_DL=''
NTPDSIM_DS=''
NTPDSIM_MS='1'
NTPDSIM_NI=''
NTPD_DB='ntpd'
NTPD_DL=''
NTPD_DS=''
NTPD_MS='1'
NTPD_NI=''
NTPQ_DB='ntpq'
NTPQ_DL=''
NTPQ_DS=''
NTPQ_MS='1'
NTPQ_NI=''
NTPSNMPD_DB='ntpsnmpd'
NTPSNMPD_DL=''
NTPSNMPD_DS=''
NTPSNMPD_MS='1'
NTPSNMPD_NI=''
NTPSWEEP_DB=''
NTPSWEEP_DL=''
NTPSWEEP_DS=''
NTPSWEEP_MS='1'
NTPSWEEP_NI='ntpsweep'
NTPTIME_DB='ntptime'
NTPTIME_DL=''
NTPTIME_DS=''
NTPTIME_MS='1'
NTPTIME_NI=''
NTPTRACE_DB='ntptrace'
NTPTRACE_DL=''
NTPTRACE_DS=''
NTPTRACE_MS='1'
NTPTRACE_NI=''
NTP_CROSSCOMPILE_FALSE=''
NTP_CROSSCOMPILE_TRUE=''
NTP_HARD_CFLAGS='-fPIE -fPIC -fstack-protector-all -O1'
NTP_HARD_CPPFLAGS='-D_FORTIFY_SOURCE=2'
NTP_HARD_LDFLAGS='-pie -Wl,-z,relro -Wl,-z,now'
NTP_KEYGEN_DB='ntp-keygen'
NTP_KEYGEN_DL=''
NTP_KEYGEN_DS=''
NTP_KEYGEN_MS='1'
NTP_KEYGEN_NI=''
NTP_KEYSDIR=''
NTP_WAIT_DB='ntp-wait'
NTP_WAIT_DL=''
NTP_WAIT_DS=''
NTP_WAIT_MS='1'
NTP_WAIT_NI=''
OBJDUMP='objdump'
OBJEXT='o'
OTOOL64=''
OTOOL=''
PACKAGE='ntp'
PACKAGE_BUGREPORT='http://bugs.ntp.org./'
PACKAGE_NAME='ntp'
PACKAGE_STRING='ntp 4.2.8p13'
PACKAGE_TARNAME='ntp'
PACKAGE_URL='http://www.ntp.org./'
PACKAGE_VERSION='4.2.8p13'
PATH_NET_SNMP_CONFIG=''
PATH_PERL=''
PATH_RUBY=''
PATH_SEPARATOR=':'
PATH_TEST=''
PERLLIBDIR=''
PKG_CONFIG=''
POSIX_SHELL=''
PROPDELAY=''
PTHREADS_FALSE=''
PTHREADS_TRUE=''
PTHREAD_LIBS=''
RANLIB='ranlib'
SAVECONFIG_ENABLED_FALSE=''
SAVECONFIG_ENABLED_TRUE=''
SED='/bin/sed'
SET_MAKE=''
SHELL='/bin/bash'
SNMP_CFLAGS=''
SNMP_CPPFLAGS=''
SNMP_LIBS=''
SNTP=''
SNTP_DB='sntp'
SNTP_DL=''
SNTP_DS=''
SNTP_MS='1'
SNTP_NI=''
STDNORETURN_H=''
STRIP='strip'
TESTDCF=''
TICKADJ_DB='tickadj'
TICKADJ_DL=''
TICKADJ_DS=''
TICKADJ_MS='1'
TICKADJ_NI=''
TIMETRIM_DB='timetrim'
TIMETRIM_DL=''
TIMETRIM_DS=''
TIMETRIM_MS='1'
TIMETRIM_NI=''
UNITYBUILD_AVAILABLE_FALSE=''
UNITYBUILD_AVAILABLE_TRUE=''
UPDATE_LEAP_DB='update-leap'
UPDATE_LEAP_DL=''
UPDATE_LEAP_DS=''
UPDATE_LEAP_MS='1'
UPDATE_LEAP_NI=''
VERSION='4.2.8p13'
VER_SUFFIX=''
VPATH_HACK_FALSE=''
VPATH_HACK_TRUE='#'
WANT_CALC_TICKADJ_MS_FALSE='#'
WANT_CALC_TICKADJ_MS_TRUE=''
YACC='bison -y'
YFLAGS=''
ac_ct_AR='ar'
ac_ct_CC=''
ac_ct_DUMPBIN=''
am__EXEEXT_FALSE=''
am__EXEEXT_TRUE=''
am__fastdepCC_FALSE='#'
am__fastdepCC_TRUE=''
am__include='include'
am__isrc=''
am__leading_dot='.'
am__nodep='_no'
am__quote=''
am__tar='$${TAR-tar} chof - "$$tardir"'
am__untar='$${TAR-tar} xf -'
bindir='${exec_prefix}/bin'
build='x86_64-unknown-linux-gnu'
build_alias=''
build_cpu='x86_64'
build_os='linux-gnu'
build_vendor='unknown'
datadir='${datarootdir}'
datarootdir='${prefix}/share'
docdir='${datarootdir}/doc/${PACKAGE_TARNAME}'
dvidir='${docdir}'
exec_prefix='NONE'
host='x86_64-unknown-linux-gnu'
host_alias=''
host_cpu='x86_64'
host_os='linux-gnu'
host_vendor='unknown'
htmldir='${docdir}'
includedir='${prefix}/include'
infodir='${datarootdir}/info'
install_sh='${SHELL} /home/price/repos/fuzz-ntp2/sntp/libevent/build-aux/install-sh'
libdir='${exec_prefix}/lib'
libexecdir='${exec_prefix}/libexec'
localedir='${datarootdir}/locale'
localstatedir='${prefix}/var'
mandir='${datarootdir}/man'
mkdir_p='$(MKDIR_P)'
oldincludedir='/usr/include'
pdfdir='${docdir}'
prefix='NONE'
program_transform_name='s,x,x,'
psdir='${docdir}'
sbindir='${exec_prefix}/sbin'
sharedstatedir='${prefix}/com'
subdirs=''
sysconfdir='${prefix}/etc'
target_alias=''

## ------------------- ##
## File substitutions. ##
## ------------------- ##

calc_tickadj_opts=''
ntp_wait_opts=''
ntpsweep_opts=''
ntptrace_opts=''
plot_summary_opts=''
summary_opts=''

## ----------- ##
## confdefs.h. ##
## ----------- ##

/* confdefs.h */
#define PACKAGE_NAME "ntp"
#define PACKAGE_TARNAME "ntp"
#define PACKAGE_VERSION "4.2.8p13"
#define PACKAGE_STRING "ntp 4.2.8p13"
#define PACKAGE_BUGREPORT "http://bugs.ntp.org./"
#define PACKAGE_URL "http://www.ntp.org./"
#define PACKAGE "ntp"
#define VERSION "4.2.8p13"
#define STR_SYSTEM "x86_64-unknown-linux-gnu"
#define STDC_HEADERS 1
#define HAVE_SYS_TYPES_H 1
#define HAVE_SYS_STAT_H 1
#define HAVE_STDLIB_H 1
#define HAVE_STRING_H 1
#define HAVE_MEMORY_H 1
#define HAVE_STRINGS_H 1
#define HAVE_INTTYPES_H 1
#define HAVE_STDINT_H 1
#define HAVE_UNISTD_H 1
#define __EXTENSIONS__ 1
#define _ALL_SOURCE 1
#define _GNU_SOURCE 1
#define _POSIX_PTHREAD_SEMANTICS 1
#define _TANDEM_SOURCE 1
#define HAVE___ATTRIBUTE__ /**/
#define HAVE_DLFCN_H 1
#define LT_OBJDIR ".libs/"
#define HAVE_DIRENT_H 1
#define HAVE_SYS_MMAN_H 1
#define HAVE_SYS_PARAM_H 1
#define HAVE_SYS_POLL_H 1
#define HAVE_SYS_SELECT_H 1
#define HAVE_SYS_SOCKET_H 1
#define HAVE_SYS_STROPTS_H 1
#define HAVE_SYS_TIME_H 1
#define HAVE_SYS_UN_H 1
#define HAVE_SYS_WAIT_H 1
#define HAVE_DLFCN_H 1
#define HAVE_ERRNO_H 1
#define HAVE_FCNTL_H 1
#define HAVE_LIBGEN_H 1
#define HAVE_LIBINTL_H 1
#define HAVE_MEMORY_H 1
#define HAVE_NETINET_IN_H 1
#define HAVE_SETJMP_H 1
#define HAVE_STDBOOL_H 1
#define HAVE_SYSEXITS_H 1
#define HAVE_UNISTD_H 1
#define HAVE_UTIME_H 1
#define HAVE_STDARG_H 1
#define HAVE_STRING_H 1
#define HAVE_LIMITS_H 1
#define HAVE_INTTYPES_H 1
#define HAVE_WCHAR_H 1
#define HAVE_WCHAR_T 1
#define HAVE_WINT_T 1
#define HAVE_INT8_T 1
#define HAVE_UINT8_T 1

configure: caught signal 2
configure: exit 1
